{
  "stats": {
    "suites": 1,
    "tests": 2,
    "passes": 2,
    "pending": 0,
    "failures": 0,
    "start": "2022-02-14T19:39:53.188Z",
    "end": "2022-02-14T19:39:55.346Z",
    "duration": 2158,
    "testsRegistered": 2,
    "passPercent": 100,
    "pendingPercent": 0,
    "other": 0,
    "hasOther": false,
    "skipped": 0,
    "hasSkipped": false
  },
  "results": [
    {
      "uuid": "79c71de5-0bba-4ebf-8f82-551629c2c99d",
      "title": "",
      "fullFile": "cypress/integration/webdriver-uni/checkboxes.js",
      "file": "cypress/integration/webdriver-uni/checkboxes.js",
      "beforeHooks": [],
      "afterHooks": [],
      "tests": [],
      "suites": [
        {
          "uuid": "2d39c7e4-8695-4a28-969f-d1fe58d0e291",
          "title": "Weryfikacja checkboxów",
          "fullFile": "",
          "file": "",
          "beforeHooks": [],
          "afterHooks": [],
          "tests": [
            {
              "title": "Zaznacz i sprawdź checkbox",
              "fullTitle": "Weryfikacja checkboxów Zaznacz i sprawdź checkbox",
              "timedOut": null,
              "duration": 1552,
              "state": "passed",
              "speed": "fast",
              "pass": true,
              "fail": false,
              "pending": false,
              "context": null,
              "code": "cy.get('#checkboxes > :nth-child(1) > input').as('opt1');\ncy.get('#checkboxes > :nth-child(5) > input').as('opt3');\ncy.get('@opt1').check().should('be.checked');\n;\ncy.get('@opt1').uncheck().should('not.be.checked');\ncy.get('@opt3').should('be.checked');\ncy.get('@opt3').uncheck().should('not.be.checked');",
              "err": {},
              "uuid": "539fe59f-5535-43f8-bdf8-5d2942413615",
              "parentUUID": "2d39c7e4-8695-4a28-969f-d1fe58d0e291",
              "isHook": false,
              "skipped": false
            },
            {
              "title": "Multiple checkbox",
              "fullTitle": "Weryfikacja checkboxów Multiple checkbox",
              "timedOut": null,
              "duration": 585,
              "state": "passed",
              "speed": "fast",
              "pass": true,
              "fail": false,
              "pending": false,
              "context": null,
              "code": "cy.get('input[type=\"checkbox\"]').check([\"option-1\", \"option-2\", \"option-3\", \"option-4\"]).should('be.checked');",
              "err": {},
              "uuid": "6abeb19d-0826-4c75-a1dd-b2a993e7ba4e",
              "parentUUID": "2d39c7e4-8695-4a28-969f-d1fe58d0e291",
              "isHook": false,
              "skipped": false
            }
          ],
          "suites": [],
          "passes": [
            "539fe59f-5535-43f8-bdf8-5d2942413615",
            "6abeb19d-0826-4c75-a1dd-b2a993e7ba4e"
          ],
          "failures": [],
          "pending": [],
          "skipped": [],
          "duration": 2137,
          "root": false,
          "rootEmpty": false,
          "_timeout": 2000
        }
      ],
      "passes": [],
      "failures": [],
      "pending": [],
      "skipped": [],
      "duration": 0,
      "root": true,
      "rootEmpty": true,
      "_timeout": 2000
    }
  ],
  "meta": {
    "mocha": {
      "version": "7.0.1"
    },
    "mochawesome": {
      "options": {
        "quiet": false,
        "reportFilename": "mochawesome",
        "saveHtml": false,
        "saveJson": true,
        "consoleReporter": "spec",
        "useInlineDiffs": false,
        "code": true
      },
      "version": "7.0.1"
    },
    "marge": {
      "options": {
        "id": "default",
        "reportDir": "cypress/results/mochawesome",
        "quite": true,
        "overwrite": false,
        "html": false,
        "json": true
      },
      "version": "6.0.1"
    }
  }
}