{
  "stats": {
    "suites": 1,
    "tests": 2,
    "passes": 2,
    "pending": 0,
    "failures": 0,
    "start": "2022-02-14T19:40:45.047Z",
    "end": "2022-02-14T19:40:47.254Z",
    "duration": 2207,
    "testsRegistered": 2,
    "passPercent": 100,
    "pendingPercent": 0,
    "other": 0,
    "hasOther": false,
    "skipped": 0,
    "hasSkipped": false
  },
  "results": [
    {
      "uuid": "a47b34ec-5aa5-4fc4-a3ec-ff2c33077bb8",
      "title": "",
      "fullFile": "cypress/integration/webdriver-uni/checkboxes.js",
      "file": "cypress/integration/webdriver-uni/checkboxes.js",
      "beforeHooks": [],
      "afterHooks": [],
      "tests": [],
      "suites": [
        {
          "uuid": "75ca5c3b-5ecb-433d-bb9c-4eaa760e9ef8",
          "title": "Weryfikacja checkboxów",
          "fullFile": "",
          "file": "",
          "beforeHooks": [],
          "afterHooks": [],
          "tests": [
            {
              "title": "Zaznacz i sprawdź checkbox",
              "fullTitle": "Weryfikacja checkboxów Zaznacz i sprawdź checkbox",
              "timedOut": null,
              "duration": 1611,
              "state": "passed",
              "speed": "fast",
              "pass": true,
              "fail": false,
              "pending": false,
              "context": null,
              "code": "cy.get('#checkboxes > :nth-child(1) > input').as('opt1');\ncy.get('#checkboxes > :nth-child(5) > input').as('opt3');\ncy.get('@opt1').check().should('be.checked');\n;\ncy.get('@opt1').uncheck().should('not.be.checked');\ncy.get('@opt3').should('be.checked');\ncy.get('@opt3').uncheck().should('not.be.checked');",
              "err": {},
              "uuid": "ead4d984-9f5a-4528-aa86-016302c59a65",
              "parentUUID": "75ca5c3b-5ecb-433d-bb9c-4eaa760e9ef8",
              "isHook": false,
              "skipped": false
            },
            {
              "title": "Multiple checkbox",
              "fullTitle": "Weryfikacja checkboxów Multiple checkbox",
              "timedOut": null,
              "duration": 573,
              "state": "passed",
              "speed": "fast",
              "pass": true,
              "fail": false,
              "pending": false,
              "context": null,
              "code": "cy.get('input[type=\"checkbox\"]').check([\"option-1\", \"option-2\", \"option-3\", \"option-4\"]).should('be.checked');",
              "err": {},
              "uuid": "971c6f74-147e-4cd1-b50e-ed454cb098cd",
              "parentUUID": "75ca5c3b-5ecb-433d-bb9c-4eaa760e9ef8",
              "isHook": false,
              "skipped": false
            }
          ],
          "suites": [],
          "passes": [
            "ead4d984-9f5a-4528-aa86-016302c59a65",
            "971c6f74-147e-4cd1-b50e-ed454cb098cd"
          ],
          "failures": [],
          "pending": [],
          "skipped": [],
          "duration": 2184,
          "root": false,
          "rootEmpty": false,
          "_timeout": 2000
        }
      ],
      "passes": [],
      "failures": [],
      "pending": [],
      "skipped": [],
      "duration": 0,
      "root": true,
      "rootEmpty": true,
      "_timeout": 2000
    }
  ],
  "meta": {
    "mocha": {
      "version": "7.0.1"
    },
    "mochawesome": {
      "options": {
        "quiet": false,
        "reportFilename": "mochawesome",
        "saveHtml": false,
        "saveJson": true,
        "consoleReporter": "spec",
        "useInlineDiffs": false,
        "code": true
      },
      "version": "7.0.1"
    },
    "marge": {
      "options": {
        "id": "default",
        "reportDir": "cypress/results/mochawesome",
        "quite": true,
        "overwrite": false,
        "html": false,
        "json": true
      },
      "version": "6.0.1"
    }
  }
}